<?xml version="1.0" encoding="UTF-8"?>
<testsuite xmlns:xsi="http://www.w3.org/2001/XMLSchema-instance" xsi:noNamespaceSchemaLocation="https://maven.apache.org/surefire/maven-surefire-plugin/xsd/surefire-test-report.xsd" name="live.lslm.newbuckmoo.NewbuckmooApplicationTests" time="7.388" tests="1" errors="0" skipped="0" failures="0">
  <properties>
    <property name="sun.desktop" value="windows"/>
    <property name="awt.toolkit" value="sun.awt.windows.WToolkit"/>
    <property name="file.encoding.pkg" value="sun.io"/>
    <property name="java.specification.version" value="1.8"/>
    <property name="sun.cpu.isalist" value="amd64"/>
    <property name="sun.jnu.encoding" value="GBK"/>
    <property name="java.class.path" value="D:\mycode\newbuckmoo\target\test-classes;D:\mycode\newbuckmoo\target\classes;D:\develop\apache-maven-3.6.3\repo\junit\junit\4.12\junit-4.12.jar;D:\develop\apache-maven-3.6.3\repo\org\hamcrest\hamcrest-core\2.1\hamcrest-core-2.1.jar;D:\develop\apache-maven-3.6.3\repo\com\alibaba\druid-spring-boot-starter\1.1.10\druid-spring-boot-starter-1.1.10.jar;D:\develop\apache-maven-3.6.3\repo\com\alibaba\druid\1.1.10\druid-1.1.10.jar;D:\develop\apache-maven-3.6.3\repo\org\slf4j\slf4j-api\1.7.29\slf4j-api-1.7.29.jar;D:\develop\apache-maven-3.6.3\repo\org\springframework\boot\spring-boot-autoconfigure\2.2.2.RELEASE\spring-boot-autoconfigure-2.2.2.RELEASE.jar;D:\develop\apache-maven-3.6.3\repo\org\springframework\boot\spring-boot-starter-data-jpa\2.2.2.RELEASE\spring-boot-starter-data-jpa-2.2.2.RELEASE.jar;D:\develop\apache-maven-3.6.3\repo\org\springframework\boot\spring-boot-starter-aop\2.2.2.RELEASE\spring-boot-starter-aop-2.2.2.RELEASE.jar;D:\develop\apache-maven-3.6.3\repo\org\springframework\spring-aop\5.2.2.RELEASE\spring-aop-5.2.2.RELEASE.jar;D:\develop\apache-maven-3.6.3\repo\org\aspectj\aspectjweaver\1.9.5\aspectjweaver-1.9.5.jar;D:\develop\apache-maven-3.6.3\repo\org\springframework\boot\spring-boot-starter-jdbc\2.2.2.RELEASE\spring-boot-starter-jdbc-2.2.2.RELEASE.jar;D:\develop\apache-maven-3.6.3\repo\com\zaxxer\HikariCP\3.4.1\HikariCP-3.4.1.jar;D:\develop\apache-maven-3.6.3\repo\org\springframework\spring-jdbc\5.2.2.RELEASE\spring-jdbc-5.2.2.RELEASE.jar;D:\develop\apache-maven-3.6.3\repo\jakarta\activation\jakarta.activation-api\1.2.1\jakarta.activation-api-1.2.1.jar;D:\develop\apache-maven-3.6.3\repo\jakarta\persistence\jakarta.persistence-api\2.2.3\jakarta.persistence-api-2.2.3.jar;D:\develop\apache-maven-3.6.3\repo\jakarta\transaction\jakarta.transaction-api\1.3.3\jakarta.transaction-api-1.3.3.jar;D:\develop\apache-maven-3.6.3\repo\org\hibernate\hibernate-core\5.4.9.Final\hibernate-core-5.4.9.Final.jar;D:\develop\apache-maven-3.6.3\repo\org\jboss\logging\jboss-logging\3.4.1.Final\jboss-logging-3.4.1.Final.jar;D:\develop\apache-maven-3.6.3\repo\org\javassist\javassist\3.24.0-GA\javassist-3.24.0-GA.jar;D:\develop\apache-maven-3.6.3\repo\net\bytebuddy\byte-buddy\1.10.4\byte-buddy-1.10.4.jar;D:\develop\apache-maven-3.6.3\repo\antlr\antlr\2.7.7\antlr-2.7.7.jar;D:\develop\apache-maven-3.6.3\repo\org\jboss\jandex\2.1.1.Final\jandex-2.1.1.Final.jar;D:\develop\apache-maven-3.6.3\repo\com\fasterxml\classmate\1.5.1\classmate-1.5.1.jar;D:\develop\apache-maven-3.6.3\repo\org\dom4j\dom4j\2.1.1\dom4j-2.1.1.jar;D:\develop\apache-maven-3.6.3\repo\org\hibernate\common\hibernate-commons-annotations\5.1.0.Final\hibernate-commons-annotations-5.1.0.Final.jar;D:\develop\apache-maven-3.6.3\repo\org\glassfish\jaxb\jaxb-runtime\2.3.2\jaxb-runtime-2.3.2.jar;D:\develop\apache-maven-3.6.3\repo\org\glassfish\jaxb\txw2\2.3.2\txw2-2.3.2.jar;D:\develop\apache-maven-3.6.3\repo\com\sun\istack\istack-commons-runtime\3.0.8\istack-commons-runtime-3.0.8.jar;D:\develop\apache-maven-3.6.3\repo\org\jvnet\staxex\stax-ex\1.8.1\stax-ex-1.8.1.jar;D:\develop\apache-maven-3.6.3\repo\com\sun\xml\fastinfoset\FastInfoset\1.2.16\FastInfoset-1.2.16.jar;D:\develop\apache-maven-3.6.3\repo\org\springframework\data\spring-data-jpa\2.2.3.RELEASE\spring-data-jpa-2.2.3.RELEASE.jar;D:\develop\apache-maven-3.6.3\repo\org\springframework\data\spring-data-commons\2.2.3.RELEASE\spring-data-commons-2.2.3.RELEASE.jar;D:\develop\apache-maven-3.6.3\repo\org\springframework\spring-orm\5.2.2.RELEASE\spring-orm-5.2.2.RELEASE.jar;D:\develop\apache-maven-3.6.3\repo\org\springframework\spring-context\5.2.2.RELEASE\spring-context-5.2.2.RELEASE.jar;D:\develop\apache-maven-3.6.3\repo\org\springframework\spring-tx\5.2.2.RELEASE\spring-tx-5.2.2.RELEASE.jar;D:\develop\apache-maven-3.6.3\repo\org\springframework\spring-beans\5.2.2.RELEASE\spring-beans-5.2.2.RELEASE.jar;D:\develop\apache-maven-3.6.3\repo\org\springframework\spring-aspects\5.2.2.RELEASE\spring-aspects-5.2.2.RELEASE.jar;D:\develop\apache-maven-3.6.3\repo\org\springframework\boot\spring-boot-starter-freemarker\2.2.2.RELEASE\spring-boot-starter-freemarker-2.2.2.RELEASE.jar;D:\develop\apache-maven-3.6.3\repo\org\springframework\boot\spring-boot-starter\2.2.2.RELEASE\spring-boot-starter-2.2.2.RELEASE.jar;D:\develop\apache-maven-3.6.3\repo\org\springframework\boot\spring-boot-starter-logging\2.2.2.RELEASE\spring-boot-starter-logging-2.2.2.RELEASE.jar;D:\develop\apache-maven-3.6.3\repo\ch\qos\logback\logback-classic\1.2.3\logback-classic-1.2.3.jar;D:\develop\apache-maven-3.6.3\repo\ch\qos\logback\logback-core\1.2.3\logback-core-1.2.3.jar;D:\develop\apache-maven-3.6.3\repo\org\apache\logging\log4j\log4j-to-slf4j\2.12.1\log4j-to-slf4j-2.12.1.jar;D:\develop\apache-maven-3.6.3\repo\org\apache\logging\log4j\log4j-api\2.12.1\log4j-api-2.12.1.jar;D:\develop\apache-maven-3.6.3\repo\org\slf4j\jul-to-slf4j\1.7.29\jul-to-slf4j-1.7.29.jar;D:\develop\apache-maven-3.6.3\repo\jakarta\annotation\jakarta.annotation-api\1.3.5\jakarta.annotation-api-1.3.5.jar;D:\develop\apache-maven-3.6.3\repo\org\yaml\snakeyaml\1.25\snakeyaml-1.25.jar;D:\develop\apache-maven-3.6.3\repo\org\freemarker\freemarker\2.3.29\freemarker-2.3.29.jar;D:\develop\apache-maven-3.6.3\repo\org\springframework\spring-context-support\5.2.2.RELEASE\spring-context-support-5.2.2.RELEASE.jar;D:\develop\apache-maven-3.6.3\repo\org\springframework\boot\spring-boot-starter-web\2.2.2.RELEASE\spring-boot-starter-web-2.2.2.RELEASE.jar;D:\develop\apache-maven-3.6.3\repo\org\springframework\boot\spring-boot-starter-json\2.2.2.RELEASE\spring-boot-starter-json-2.2.2.RELEASE.jar;D:\develop\apache-maven-3.6.3\repo\com\fasterxml\jackson\core\jackson-databind\2.10.1\jackson-databind-2.10.1.jar;D:\develop\apache-maven-3.6.3\repo\com\fasterxml\jackson\core\jackson-annotations\2.10.1\jackson-annotations-2.10.1.jar;D:\develop\apache-maven-3.6.3\repo\com\fasterxml\jackson\core\jackson-core\2.10.1\jackson-core-2.10.1.jar;D:\develop\apache-maven-3.6.3\repo\com\fasterxml\jackson\datatype\jackson-datatype-jdk8\2.10.1\jackson-datatype-jdk8-2.10.1.jar;D:\develop\apache-maven-3.6.3\repo\com\fasterxml\jackson\datatype\jackson-datatype-jsr310\2.10.1\jackson-datatype-jsr310-2.10.1.jar;D:\develop\apache-maven-3.6.3\repo\com\fasterxml\jackson\module\jackson-module-parameter-names\2.10.1\jackson-module-parameter-names-2.10.1.jar;D:\develop\apache-maven-3.6.3\repo\org\springframework\boot\spring-boot-starter-tomcat\2.2.2.RELEASE\spring-boot-starter-tomcat-2.2.2.RELEASE.jar;D:\develop\apache-maven-3.6.3\repo\org\apache\tomcat\embed\tomcat-embed-core\9.0.29\tomcat-embed-core-9.0.29.jar;D:\develop\apache-maven-3.6.3\repo\org\apache\tomcat\embed\tomcat-embed-el\9.0.29\tomcat-embed-el-9.0.29.jar;D:\develop\apache-maven-3.6.3\repo\org\apache\tomcat\embed\tomcat-embed-websocket\9.0.29\tomcat-embed-websocket-9.0.29.jar;D:\develop\apache-maven-3.6.3\repo\org\springframework\boot\spring-boot-starter-validation\2.2.2.RELEASE\spring-boot-starter-validation-2.2.2.RELEASE.jar;D:\develop\apache-maven-3.6.3\repo\jakarta\validation\jakarta.validation-api\2.0.1\jakarta.validation-api-2.0.1.jar;D:\develop\apache-maven-3.6.3\repo\org\hibernate\validator\hibernate-validator\6.0.18.Final\hibernate-validator-6.0.18.Final.jar;D:\develop\apache-maven-3.6.3\repo\org\springframework\spring-web\5.2.2.RELEASE\spring-web-5.2.2.RELEASE.jar;D:\develop\apache-maven-3.6.3\repo\org\springframework\spring-webmvc\5.2.2.RELEASE\spring-webmvc-5.2.2.RELEASE.jar;D:\develop\apache-maven-3.6.3\repo\org\springframework\spring-expression\5.2.2.RELEASE\spring-expression-5.2.2.RELEASE.jar;D:\develop\apache-maven-3.6.3\repo\org\springframework\boot\spring-boot-devtools\2.2.2.RELEASE\spring-boot-devtools-2.2.2.RELEASE.jar;D:\develop\apache-maven-3.6.3\repo\org\springframework\boot\spring-boot\2.2.2.RELEASE\spring-boot-2.2.2.RELEASE.jar;D:\develop\apache-maven-3.6.3\repo\mysql\mysql-connector-java\8.0.18\mysql-connector-java-8.0.18.jar;D:\develop\apache-maven-3.6.3\repo\org\springframework\boot\spring-boot-configuration-processor\2.2.2.RELEASE\spring-boot-configuration-processor-2.2.2.RELEASE.jar;D:\develop\apache-maven-3.6.3\repo\org\projectlombok\lombok\1.18.10\lombok-1.18.10.jar;D:\develop\apache-maven-3.6.3\repo\org\springframework\boot\spring-boot-starter-test\2.2.2.RELEASE\spring-boot-starter-test-2.2.2.RELEASE.jar;D:\develop\apache-maven-3.6.3\repo\org\springframework\boot\spring-boot-test\2.2.2.RELEASE\spring-boot-test-2.2.2.RELEASE.jar;D:\develop\apache-maven-3.6.3\repo\org\springframework\boot\spring-boot-test-autoconfigure\2.2.2.RELEASE\spring-boot-test-autoconfigure-2.2.2.RELEASE.jar;D:\develop\apache-maven-3.6.3\repo\com\jayway\jsonpath\json-path\2.4.0\json-path-2.4.0.jar;D:\develop\apache-maven-3.6.3\repo\net\minidev\json-smart\2.3\json-smart-2.3.jar;D:\develop\apache-maven-3.6.3\repo\net\minidev\accessors-smart\1.2\accessors-smart-1.2.jar;D:\develop\apache-maven-3.6.3\repo\org\ow2\asm\asm\5.0.4\asm-5.0.4.jar;D:\develop\apache-maven-3.6.3\repo\jakarta\xml\bind\jakarta.xml.bind-api\2.3.2\jakarta.xml.bind-api-2.3.2.jar;D:\develop\apache-maven-3.6.3\repo\org\junit\jupiter\junit-jupiter\5.5.2\junit-jupiter-5.5.2.jar;D:\develop\apache-maven-3.6.3\repo\org\junit\jupiter\junit-jupiter-api\5.5.2\junit-jupiter-api-5.5.2.jar;D:\develop\apache-maven-3.6.3\repo\org\apiguardian\apiguardian-api\1.1.0\apiguardian-api-1.1.0.jar;D:\develop\apache-maven-3.6.3\repo\org\opentest4j\opentest4j\1.2.0\opentest4j-1.2.0.jar;D:\develop\apache-maven-3.6.3\repo\org\junit\platform\junit-platform-commons\1.5.2\junit-platform-commons-1.5.2.jar;D:\develop\apache-maven-3.6.3\repo\org\junit\jupiter\junit-jupiter-params\5.5.2\junit-jupiter-params-5.5.2.jar;D:\develop\apache-maven-3.6.3\repo\org\junit\jupiter\junit-jupiter-engine\5.5.2\junit-jupiter-engine-5.5.2.jar;D:\develop\apache-maven-3.6.3\repo\org\junit\platform\junit-platform-engine\1.5.2\junit-platform-engine-1.5.2.jar;D:\develop\apache-maven-3.6.3\repo\org\mockito\mockito-junit-jupiter\3.1.0\mockito-junit-jupiter-3.1.0.jar;D:\develop\apache-maven-3.6.3\repo\org\assertj\assertj-core\3.13.2\assertj-core-3.13.2.jar;D:\develop\apache-maven-3.6.3\repo\org\hamcrest\hamcrest\2.1\hamcrest-2.1.jar;D:\develop\apache-maven-3.6.3\repo\org\mockito\mockito-core\3.1.0\mockito-core-3.1.0.jar;D:\develop\apache-maven-3.6.3\repo\net\bytebuddy\byte-buddy-agent\1.10.4\byte-buddy-agent-1.10.4.jar;D:\develop\apache-maven-3.6.3\repo\org\objenesis\objenesis\2.6\objenesis-2.6.jar;D:\develop\apache-maven-3.6.3\repo\org\skyscreamer\jsonassert\1.5.0\jsonassert-1.5.0.jar;D:\develop\apache-maven-3.6.3\repo\com\vaadin\external\google\android-json\0.0.20131108.vaadin1\android-json-0.0.20131108.vaadin1.jar;D:\develop\apache-maven-3.6.3\repo\org\springframework\spring-core\5.2.2.RELEASE\spring-core-5.2.2.RELEASE.jar;D:\develop\apache-maven-3.6.3\repo\org\springframework\spring-jcl\5.2.2.RELEASE\spring-jcl-5.2.2.RELEASE.jar;D:\develop\apache-maven-3.6.3\repo\org\springframework\spring-test\5.2.2.RELEASE\spring-test-5.2.2.RELEASE.jar;D:\develop\apache-maven-3.6.3\repo\org\xmlunit\xmlunit-core\2.6.3\xmlunit-core-2.6.3.jar;"/>
    <property name="java.vm.vendor" value="Oracle Corporation"/>
    <property name="sun.arch.data.model" value="64"/>
    <property name="user.variant" value=""/>
    <property name="java.vendor.url" value="http://java.oracle.com/"/>
    <property name="user.timezone" value="Asia/Shanghai"/>
    <property name="java.vm.specification.version" value="1.8"/>
    <property name="os.name" value="Windows 10"/>
    <property name="user.country" value="CN"/>
    <property name="sun.java.launcher" value="SUN_STANDARD"/>
    <property name="sun.boot.library.path" value="C:\Program Files\Java\jdk1.8.0_231\jre\bin"/>
    <property name="sun.java.command" value="C:\Users\15291\AppData\Local\Temp\surefire4550206155510934714\surefirebooter1762103512326784393.jar C:\Users\15291\AppData\Local\Temp\surefire4550206155510934714 2020-01-03T14-14-37_349-jvmRun1 surefire3918627444843489138tmp surefire_04826472374961839407tmp"/>
    <property name="surefire.test.class.path" value="D:\mycode\newbuckmoo\target\test-classes;D:\mycode\newbuckmoo\target\classes;D:\develop\apache-maven-3.6.3\repo\junit\junit\4.12\junit-4.12.jar;D:\develop\apache-maven-3.6.3\repo\org\hamcrest\hamcrest-core\2.1\hamcrest-core-2.1.jar;D:\develop\apache-maven-3.6.3\repo\com\alibaba\druid-spring-boot-starter\1.1.10\druid-spring-boot-starter-1.1.10.jar;D:\develop\apache-maven-3.6.3\repo\com\alibaba\druid\1.1.10\druid-1.1.10.jar;D:\develop\apache-maven-3.6.3\repo\org\slf4j\slf4j-api\1.7.29\slf4j-api-1.7.29.jar;D:\develop\apache-maven-3.6.3\repo\org\springframework\boot\spring-boot-autoconfigure\2.2.2.RELEASE\spring-boot-autoconfigure-2.2.2.RELEASE.jar;D:\develop\apache-maven-3.6.3\repo\org\springframework\boot\spring-boot-starter-data-jpa\2.2.2.RELEASE\spring-boot-starter-data-jpa-2.2.2.RELEASE.jar;D:\develop\apache-maven-3.6.3\repo\org\springframework\boot\spring-boot-starter-aop\2.2.2.RELEASE\spring-boot-starter-aop-2.2.2.RELEASE.jar;D:\develop\apache-maven-3.6.3\repo\org\springframework\spring-aop\5.2.2.RELEASE\spring-aop-5.2.2.RELEASE.jar;D:\develop\apache-maven-3.6.3\repo\org\aspectj\aspectjweaver\1.9.5\aspectjweaver-1.9.5.jar;D:\develop\apache-maven-3.6.3\repo\org\springframework\boot\spring-boot-starter-jdbc\2.2.2.RELEASE\spring-boot-starter-jdbc-2.2.2.RELEASE.jar;D:\develop\apache-maven-3.6.3\repo\com\zaxxer\HikariCP\3.4.1\HikariCP-3.4.1.jar;D:\develop\apache-maven-3.6.3\repo\org\springframework\spring-jdbc\5.2.2.RELEASE\spring-jdbc-5.2.2.RELEASE.jar;D:\develop\apache-maven-3.6.3\repo\jakarta\activation\jakarta.activation-api\1.2.1\jakarta.activation-api-1.2.1.jar;D:\develop\apache-maven-3.6.3\repo\jakarta\persistence\jakarta.persistence-api\2.2.3\jakarta.persistence-api-2.2.3.jar;D:\develop\apache-maven-3.6.3\repo\jakarta\transaction\jakarta.transaction-api\1.3.3\jakarta.transaction-api-1.3.3.jar;D:\develop\apache-maven-3.6.3\repo\org\hibernate\hibernate-core\5.4.9.Final\hibernate-core-5.4.9.Final.jar;D:\develop\apache-maven-3.6.3\repo\org\jboss\logging\jboss-logging\3.4.1.Final\jboss-logging-3.4.1.Final.jar;D:\develop\apache-maven-3.6.3\repo\org\javassist\javassist\3.24.0-GA\javassist-3.24.0-GA.jar;D:\develop\apache-maven-3.6.3\repo\net\bytebuddy\byte-buddy\1.10.4\byte-buddy-1.10.4.jar;D:\develop\apache-maven-3.6.3\repo\antlr\antlr\2.7.7\antlr-2.7.7.jar;D:\develop\apache-maven-3.6.3\repo\org\jboss\jandex\2.1.1.Final\jandex-2.1.1.Final.jar;D:\develop\apache-maven-3.6.3\repo\com\fasterxml\classmate\1.5.1\classmate-1.5.1.jar;D:\develop\apache-maven-3.6.3\repo\org\dom4j\dom4j\2.1.1\dom4j-2.1.1.jar;D:\develop\apache-maven-3.6.3\repo\org\hibernate\common\hibernate-commons-annotations\5.1.0.Final\hibernate-commons-annotations-5.1.0.Final.jar;D:\develop\apache-maven-3.6.3\repo\org\glassfish\jaxb\jaxb-runtime\2.3.2\jaxb-runtime-2.3.2.jar;D:\develop\apache-maven-3.6.3\repo\org\glassfish\jaxb\txw2\2.3.2\txw2-2.3.2.jar;D:\develop\apache-maven-3.6.3\repo\com\sun\istack\istack-commons-runtime\3.0.8\istack-commons-runtime-3.0.8.jar;D:\develop\apache-maven-3.6.3\repo\org\jvnet\staxex\stax-ex\1.8.1\stax-ex-1.8.1.jar;D:\develop\apache-maven-3.6.3\repo\com\sun\xml\fastinfoset\FastInfoset\1.2.16\FastInfoset-1.2.16.jar;D:\develop\apache-maven-3.6.3\repo\org\springframework\data\spring-data-jpa\2.2.3.RELEASE\spring-data-jpa-2.2.3.RELEASE.jar;D:\develop\apache-maven-3.6.3\repo\org\springframework\data\spring-data-commons\2.2.3.RELEASE\spring-data-commons-2.2.3.RELEASE.jar;D:\develop\apache-maven-3.6.3\repo\org\springframework\spring-orm\5.2.2.RELEASE\spring-orm-5.2.2.RELEASE.jar;D:\develop\apache-maven-3.6.3\repo\org\springframework\spring-context\5.2.2.RELEASE\spring-context-5.2.2.RELEASE.jar;D:\develop\apache-maven-3.6.3\repo\org\springframework\spring-tx\5.2.2.RELEASE\spring-tx-5.2.2.RELEASE.jar;D:\develop\apache-maven-3.6.3\repo\org\springframework\spring-beans\5.2.2.RELEASE\spring-beans-5.2.2.RELEASE.jar;D:\develop\apache-maven-3.6.3\repo\org\springframework\spring-aspects\5.2.2.RELEASE\spring-aspects-5.2.2.RELEASE.jar;D:\develop\apache-maven-3.6.3\repo\org\springframework\boot\spring-boot-starter-freemarker\2.2.2.RELEASE\spring-boot-starter-freemarker-2.2.2.RELEASE.jar;D:\develop\apache-maven-3.6.3\repo\org\springframework\boot\spring-boot-starter\2.2.2.RELEASE\spring-boot-starter-2.2.2.RELEASE.jar;D:\develop\apache-maven-3.6.3\repo\org\springframework\boot\spring-boot-starter-logging\2.2.2.RELEASE\spring-boot-starter-logging-2.2.2.RELEASE.jar;D:\develop\apache-maven-3.6.3\repo\ch\qos\logback\logback-classic\1.2.3\logback-classic-1.2.3.jar;D:\develop\apache-maven-3.6.3\repo\ch\qos\logback\logback-core\1.2.3\logback-core-1.2.3.jar;D:\develop\apache-maven-3.6.3\repo\org\apache\logging\log4j\log4j-to-slf4j\2.12.1\log4j-to-slf4j-2.12.1.jar;D:\develop\apache-maven-3.6.3\repo\org\apache\logging\log4j\log4j-api\2.12.1\log4j-api-2.12.1.jar;D:\develop\apache-maven-3.6.3\repo\org\slf4j\jul-to-slf4j\1.7.29\jul-to-slf4j-1.7.29.jar;D:\develop\apache-maven-3.6.3\repo\jakarta\annotation\jakarta.annotation-api\1.3.5\jakarta.annotation-api-1.3.5.jar;D:\develop\apache-maven-3.6.3\repo\org\yaml\snakeyaml\1.25\snakeyaml-1.25.jar;D:\develop\apache-maven-3.6.3\repo\org\freemarker\freemarker\2.3.29\freemarker-2.3.29.jar;D:\develop\apache-maven-3.6.3\repo\org\springframework\spring-context-support\5.2.2.RELEASE\spring-context-support-5.2.2.RELEASE.jar;D:\develop\apache-maven-3.6.3\repo\org\springframework\boot\spring-boot-starter-web\2.2.2.RELEASE\spring-boot-starter-web-2.2.2.RELEASE.jar;D:\develop\apache-maven-3.6.3\repo\org\springframework\boot\spring-boot-starter-json\2.2.2.RELEASE\spring-boot-starter-json-2.2.2.RELEASE.jar;D:\develop\apache-maven-3.6.3\repo\com\fasterxml\jackson\core\jackson-databind\2.10.1\jackson-databind-2.10.1.jar;D:\develop\apache-maven-3.6.3\repo\com\fasterxml\jackson\core\jackson-annotations\2.10.1\jackson-annotations-2.10.1.jar;D:\develop\apache-maven-3.6.3\repo\com\fasterxml\jackson\core\jackson-core\2.10.1\jackson-core-2.10.1.jar;D:\develop\apache-maven-3.6.3\repo\com\fasterxml\jackson\datatype\jackson-datatype-jdk8\2.10.1\jackson-datatype-jdk8-2.10.1.jar;D:\develop\apache-maven-3.6.3\repo\com\fasterxml\jackson\datatype\jackson-datatype-jsr310\2.10.1\jackson-datatype-jsr310-2.10.1.jar;D:\develop\apache-maven-3.6.3\repo\com\fasterxml\jackson\module\jackson-module-parameter-names\2.10.1\jackson-module-parameter-names-2.10.1.jar;D:\develop\apache-maven-3.6.3\repo\org\springframework\boot\spring-boot-starter-tomcat\2.2.2.RELEASE\spring-boot-starter-tomcat-2.2.2.RELEASE.jar;D:\develop\apache-maven-3.6.3\repo\org\apache\tomcat\embed\tomcat-embed-core\9.0.29\tomcat-embed-core-9.0.29.jar;D:\develop\apache-maven-3.6.3\repo\org\apache\tomcat\embed\tomcat-embed-el\9.0.29\tomcat-embed-el-9.0.29.jar;D:\develop\apache-maven-3.6.3\repo\org\apache\tomcat\embed\tomcat-embed-websocket\9.0.29\tomcat-embed-websocket-9.0.29.jar;D:\develop\apache-maven-3.6.3\repo\org\springframework\boot\spring-boot-starter-validation\2.2.2.RELEASE\spring-boot-starter-validation-2.2.2.RELEASE.jar;D:\develop\apache-maven-3.6.3\repo\jakarta\validation\jakarta.validation-api\2.0.1\jakarta.validation-api-2.0.1.jar;D:\develop\apache-maven-3.6.3\repo\org\hibernate\validator\hibernate-validator\6.0.18.Final\hibernate-validator-6.0.18.Final.jar;D:\develop\apache-maven-3.6.3\repo\org\springframework\spring-web\5.2.2.RELEASE\spring-web-5.2.2.RELEASE.jar;D:\develop\apache-maven-3.6.3\repo\org\springframework\spring-webmvc\5.2.2.RELEASE\spring-webmvc-5.2.2.RELEASE.jar;D:\develop\apache-maven-3.6.3\repo\org\springframework\spring-expression\5.2.2.RELEASE\spring-expression-5.2.2.RELEASE.jar;D:\develop\apache-maven-3.6.3\repo\org\springframework\boot\spring-boot-devtools\2.2.2.RELEASE\spring-boot-devtools-2.2.2.RELEASE.jar;D:\develop\apache-maven-3.6.3\repo\org\springframework\boot\spring-boot\2.2.2.RELEASE\spring-boot-2.2.2.RELEASE.jar;D:\develop\apache-maven-3.6.3\repo\mysql\mysql-connector-java\8.0.18\mysql-connector-java-8.0.18.jar;D:\develop\apache-maven-3.6.3\repo\org\springframework\boot\spring-boot-configuration-processor\2.2.2.RELEASE\spring-boot-configuration-processor-2.2.2.RELEASE.jar;D:\develop\apache-maven-3.6.3\repo\org\projectlombok\lombok\1.18.10\lombok-1.18.10.jar;D:\develop\apache-maven-3.6.3\repo\org\springframework\boot\spring-boot-starter-test\2.2.2.RELEASE\spring-boot-starter-test-2.2.2.RELEASE.jar;D:\develop\apache-maven-3.6.3\repo\org\springframework\boot\spring-boot-test\2.2.2.RELEASE\spring-boot-test-2.2.2.RELEASE.jar;D:\develop\apache-maven-3.6.3\repo\org\springframework\boot\spring-boot-test-autoconfigure\2.2.2.RELEASE\spring-boot-test-autoconfigure-2.2.2.RELEASE.jar;D:\develop\apache-maven-3.6.3\repo\com\jayway\jsonpath\json-path\2.4.0\json-path-2.4.0.jar;D:\develop\apache-maven-3.6.3\repo\net\minidev\json-smart\2.3\json-smart-2.3.jar;D:\develop\apache-maven-3.6.3\repo\net\minidev\accessors-smart\1.2\accessors-smart-1.2.jar;D:\develop\apache-maven-3.6.3\repo\org\ow2\asm\asm\5.0.4\asm-5.0.4.jar;D:\develop\apache-maven-3.6.3\repo\jakarta\xml\bind\jakarta.xml.bind-api\2.3.2\jakarta.xml.bind-api-2.3.2.jar;D:\develop\apache-maven-3.6.3\repo\org\junit\jupiter\junit-jupiter\5.5.2\junit-jupiter-5.5.2.jar;D:\develop\apache-maven-3.6.3\repo\org\junit\jupiter\junit-jupiter-api\5.5.2\junit-jupiter-api-5.5.2.jar;D:\develop\apache-maven-3.6.3\repo\org\apiguardian\apiguardian-api\1.1.0\apiguardian-api-1.1.0.jar;D:\develop\apache-maven-3.6.3\repo\org\opentest4j\opentest4j\1.2.0\opentest4j-1.2.0.jar;D:\develop\apache-maven-3.6.3\repo\org\junit\platform\junit-platform-commons\1.5.2\junit-platform-commons-1.5.2.jar;D:\develop\apache-maven-3.6.3\repo\org\junit\jupiter\junit-jupiter-params\5.5.2\junit-jupiter-params-5.5.2.jar;D:\develop\apache-maven-3.6.3\repo\org\junit\jupiter\junit-jupiter-engine\5.5.2\junit-jupiter-engine-5.5.2.jar;D:\develop\apache-maven-3.6.3\repo\org\junit\platform\junit-platform-engine\1.5.2\junit-platform-engine-1.5.2.jar;D:\develop\apache-maven-3.6.3\repo\org\mockito\mockito-junit-jupiter\3.1.0\mockito-junit-jupiter-3.1.0.jar;D:\develop\apache-maven-3.6.3\repo\org\assertj\assertj-core\3.13.2\assertj-core-3.13.2.jar;D:\develop\apache-maven-3.6.3\repo\org\hamcrest\hamcrest\2.1\hamcrest-2.1.jar;D:\develop\apache-maven-3.6.3\repo\org\mockito\mockito-core\3.1.0\mockito-core-3.1.0.jar;D:\develop\apache-maven-3.6.3\repo\net\bytebuddy\byte-buddy-agent\1.10.4\byte-buddy-agent-1.10.4.jar;D:\develop\apache-maven-3.6.3\repo\org\objenesis\objenesis\2.6\objenesis-2.6.jar;D:\develop\apache-maven-3.6.3\repo\org\skyscreamer\jsonassert\1.5.0\jsonassert-1.5.0.jar;D:\develop\apache-maven-3.6.3\repo\com\vaadin\external\google\android-json\0.0.20131108.vaadin1\android-json-0.0.20131108.vaadin1.jar;D:\develop\apache-maven-3.6.3\repo\org\springframework\spring-core\5.2.2.RELEASE\spring-core-5.2.2.RELEASE.jar;D:\develop\apache-maven-3.6.3\repo\org\springframework\spring-jcl\5.2.2.RELEASE\spring-jcl-5.2.2.RELEASE.jar;D:\develop\apache-maven-3.6.3\repo\org\springframework\spring-test\5.2.2.RELEASE\spring-test-5.2.2.RELEASE.jar;D:\develop\apache-maven-3.6.3\repo\org\xmlunit\xmlunit-core\2.6.3\xmlunit-core-2.6.3.jar;"/>
    <property name="sun.cpu.endian" value="little"/>
    <property name="user.home" value="C:\Users\15291"/>
    <property name="user.language" value="zh"/>
    <property name="java.specification.vendor" value="Oracle Corporation"/>
    <property name="java.home" value="C:\Program Files\Java\jdk1.8.0_231\jre"/>
    <property name="basedir" value="D:\mycode\newbuckmoo"/>
    <property name="file.separator" value="\"/>
    <property name="line.separator" value="&#10;"/>
    <property name="java.vm.specification.vendor" value="Oracle Corporation"/>
    <property name="java.specification.name" value="Java Platform API Specification"/>
    <property name="java.awt.graphicsenv" value="sun.awt.Win32GraphicsEnvironment"/>
    <property name="surefire.real.class.path" value="C:\Users\15291\AppData\Local\Temp\surefire4550206155510934714\surefirebooter1762103512326784393.jar"/>
    <property name="sun.boot.class.path" value="C:\Program Files\Java\jdk1.8.0_231\jre\lib\resources.jar;C:\Program Files\Java\jdk1.8.0_231\jre\lib\rt.jar;C:\Program Files\Java\jdk1.8.0_231\jre\lib\sunrsasign.jar;C:\Program Files\Java\jdk1.8.0_231\jre\lib\jsse.jar;C:\Program Files\Java\jdk1.8.0_231\jre\lib\jce.jar;C:\Program Files\Java\jdk1.8.0_231\jre\lib\charsets.jar;C:\Program Files\Java\jdk1.8.0_231\jre\lib\jfr.jar;C:\Program Files\Java\jdk1.8.0_231\jre\classes"/>
    <property name="user.script" value=""/>
    <property name="sun.management.compiler" value="HotSpot 64-Bit Tiered Compilers"/>
    <property name="java.runtime.version" value="1.8.0_231-b11"/>
    <property name="user.name" value="15291"/>
    <property name="path.separator" value=";"/>
    <property name="os.version" value="10.0"/>
    <property name="java.endorsed.dirs" value="C:\Program Files\Java\jdk1.8.0_231\jre\lib\endorsed"/>
    <property name="java.runtime.name" value="Java(TM) SE Runtime Environment"/>
    <property name="file.encoding" value="GBK"/>
    <property name="java.vm.name" value="Java HotSpot(TM) 64-Bit Server VM"/>
    <property name="localRepository" value="D:\develop\apache-maven-3.6.3\repo"/>
    <property name="java.vendor.url.bug" value="http://bugreport.sun.com/bugreport/"/>
    <property name="java.io.tmpdir" value="C:\Users\15291\AppData\Local\Temp\"/>
    <property name="java.version" value="1.8.0_231"/>
    <property name="user.dir" value="D:\mycode\newbuckmoo"/>
    <property name="os.arch" value="amd64"/>
    <property name="java.vm.specification.name" value="Java Virtual Machine Specification"/>
    <property name="java.awt.printerjob" value="sun.awt.windows.WPrinterJob"/>
    <property name="idea.version2019.3.1" value="true"/>
    <property name="sun.os.patch.level" value=""/>
    <property name="java.library.path" value="C:\Program Files\Java\jdk1.8.0_231\jre\bin;C:\Windows\Sun\Java\bin;C:\Windows\system32;C:\Windows;C:\Program Files (x86)\Common Files\Oracle\Java\javapath;C:\Program Files (x86)\Intel\Intel(R) Management Engine Components\iCLS\;C:\Program Files\Intel\Intel(R) Management Engine Components\iCLS\;C:\Windows\system32;C:\Windows;C:\Windows\System32\Wbem;C:\Windows\System32\WindowsPowerShell\v1.0\;C:\Windows\System32\OpenSSH\;C:\Program Files (x86)\NVIDIA Corporation\PhysX\Common;C:\Program Files\NVIDIA Corporation\NVIDIA NvDLISR;C:\Program Files (x86)\Intel\Intel(R) Management Engine Components\DAL;C:\Program Files\Intel\Intel(R) Management Engine Components\DAL;C:\Program Files (x86)\Intel\Intel(R) Management Engine Components\IPT;C:\Program Files\Intel\Intel(R) Management Engine Components\IPT;C:\Program Files\PuTTY\;C:\Program Files\Git\cmd;D:\develop\apache-maven-3.6.3\bin;C:\Program Files\MySQL\MySQL Shell 8.0\bin\;C:\Users\15291\AppData\Local\Programs\Microsoft VS Code\bin;."/>
    <property name="java.vm.info" value="mixed mode"/>
    <property name="java.vendor" value="Oracle Corporation"/>
    <property name="java.vm.version" value="25.231-b11"/>
    <property name="java.ext.dirs" value="C:\Program Files\Java\jdk1.8.0_231\jre\lib\ext;C:\Windows\Sun\Java\lib\ext"/>
    <property name="sun.io.unicode.encoding" value="UnicodeLittle"/>
    <property name="java.class.version" value="52.0"/>
  </properties>
  <testcase name="contextLoads" classname="live.lslm.newbuckmoo.NewbuckmooApplicationTests" time="0.075"/>
</testsuite>